<?xml version="1.0" encoding="UTF-8"?>
<testsuite name="com.jpabook.jpashop.service.OrderServiceTest" tests="3" skipped="0" failures="0" errors="0" timestamp="2022-01-26T03:10:35" hostname="LAPTOP-RU096RMK" time="0.061">
  <properties/>
  <testcase name="상품주문_재고수량초과" classname="com.jpabook.jpashop.service.OrderServiceTest" time="0.018"/>
  <testcase name="상품주문" classname="com.jpabook.jpashop.service.OrderServiceTest" time="0.027"/>
  <testcase name="주문취소" classname="com.jpabook.jpashop.service.OrderServiceTest" time="0.014"/>
  <system-out><![CDATA[2022-01-26 12:10:35.450  INFO 18964 --- [    Test worker] o.s.t.c.transaction.TransactionContext   : Began transaction (1) for test context [DefaultTestContext@304704ae testClass = OrderServiceTest, testInstance = com.jpabook.jpashop.service.OrderServiceTest@2c7607e5, testMethod = 상품주문_재고수량초과@OrderServiceTest, testException = [null], mergedContextConfiguration = [WebMergedContextConfiguration@533a27f8 testClass = OrderServiceTest, locations = '{}', classes = '{class com.jpabook.jpashop.JpashopApplication}', contextInitializerClasses = '[]', activeProfiles = '{}', propertySourceLocations = '{}', propertySourceProperties = '{org.springframework.boot.test.context.SpringBootTestContextBootstrapper=true}', contextCustomizers = set[org.springframework.boot.test.autoconfigure.properties.PropertyMappingContextCustomizer@0, org.springframework.boot.test.autoconfigure.web.servlet.WebDriverContextCustomizerFactory$Customizer@24c4ddae, org.springframework.boot.test.context.filter.ExcludeFilterContextCustomizer@766653e6, org.springframework.boot.test.json.DuplicateJsonObjectContextCustomizerFactory$DuplicateJsonObjectContextCustomizer@7fc4780b, org.springframework.boot.test.mock.mockito.MockitoContextCustomizer@0, org.springframework.boot.test.web.client.TestRestTemplateContextCustomizer@704deff2], resourceBasePath = 'src/main/webapp', contextLoader = 'org.springframework.boot.test.context.SpringBootContextLoader', parent = [null]], attributes = map['org.springframework.test.context.web.ServletTestExecutionListener.activateListener' -> true, 'org.springframework.test.context.web.ServletTestExecutionListener.populatedRequestContextHolder' -> true, 'org.springframework.test.context.web.ServletTestExecutionListener.resetRequestContextHolder' -> true]]; transaction manager [org.springframework.orm.jpa.JpaTransactionManager@2c51c756]; rollback [true]
2022-01-26 12:10:35.451 DEBUG 18964 --- [    Test worker] org.hibernate.SQL                        : call next value for hibernate_sequence
2022-01-26 12:10:35.452  INFO 18964 --- [    Test worker] p6spy                                    : #1643166635452 | took 0ms | statement | connection 8| url jdbc:h2:mem:testdb
call next value for hibernate_sequence
call next value for hibernate_sequence;
2022-01-26 12:10:35.452 DEBUG 18964 --- [    Test worker] org.hibernate.SQL                        : call next value for hibernate_sequence
2022-01-26 12:10:35.452  INFO 18964 --- [    Test worker] p6spy                                    : #1643166635452 | took 0ms | statement | connection 8| url jdbc:h2:mem:testdb
call next value for hibernate_sequence
call next value for hibernate_sequence;
2022-01-26 12:10:35.464  INFO 18964 --- [    Test worker] p6spy                                    : #1643166635464 | took 0ms | rollback | connection 8| url jdbc:h2:mem:testdb

;
2022-01-26 12:10:35.465  INFO 18964 --- [    Test worker] o.s.t.c.transaction.TransactionContext   : Rolled back transaction for test: [DefaultTestContext@304704ae testClass = OrderServiceTest, testInstance = com.jpabook.jpashop.service.OrderServiceTest@2c7607e5, testMethod = 상품주문_재고수량초과@OrderServiceTest, testException = [null], mergedContextConfiguration = [WebMergedContextConfiguration@533a27f8 testClass = OrderServiceTest, locations = '{}', classes = '{class com.jpabook.jpashop.JpashopApplication}', contextInitializerClasses = '[]', activeProfiles = '{}', propertySourceLocations = '{}', propertySourceProperties = '{org.springframework.boot.test.context.SpringBootTestContextBootstrapper=true}', contextCustomizers = set[org.springframework.boot.test.autoconfigure.properties.PropertyMappingContextCustomizer@0, org.springframework.boot.test.autoconfigure.web.servlet.WebDriverContextCustomizerFactory$Customizer@24c4ddae, org.springframework.boot.test.context.filter.ExcludeFilterContextCustomizer@766653e6, org.springframework.boot.test.json.DuplicateJsonObjectContextCustomizerFactory$DuplicateJsonObjectContextCustomizer@7fc4780b, org.springframework.boot.test.mock.mockito.MockitoContextCustomizer@0, org.springframework.boot.test.web.client.TestRestTemplateContextCustomizer@704deff2], resourceBasePath = 'src/main/webapp', contextLoader = 'org.springframework.boot.test.context.SpringBootContextLoader', parent = [null]], attributes = map['org.springframework.test.context.web.ServletTestExecutionListener.activateListener' -> true, 'org.springframework.test.context.web.ServletTestExecutionListener.populatedRequestContextHolder' -> true, 'org.springframework.test.context.web.ServletTestExecutionListener.resetRequestContextHolder' -> true]]
2022-01-26 12:10:35.468  INFO 18964 --- [    Test worker] o.s.t.c.transaction.TransactionContext   : Began transaction (1) for test context [DefaultTestContext@304704ae testClass = OrderServiceTest, testInstance = com.jpabook.jpashop.service.OrderServiceTest@27422187, testMethod = 상품주문@OrderServiceTest, testException = [null], mergedContextConfiguration = [WebMergedContextConfiguration@533a27f8 testClass = OrderServiceTest, locations = '{}', classes = '{class com.jpabook.jpashop.JpashopApplication}', contextInitializerClasses = '[]', activeProfiles = '{}', propertySourceLocations = '{}', propertySourceProperties = '{org.springframework.boot.test.context.SpringBootTestContextBootstrapper=true}', contextCustomizers = set[org.springframework.boot.test.autoconfigure.properties.PropertyMappingContextCustomizer@0, org.springframework.boot.test.autoconfigure.web.servlet.WebDriverContextCustomizerFactory$Customizer@24c4ddae, org.springframework.boot.test.context.filter.ExcludeFilterContextCustomizer@766653e6, org.springframework.boot.test.json.DuplicateJsonObjectContextCustomizerFactory$DuplicateJsonObjectContextCustomizer@7fc4780b, org.springframework.boot.test.mock.mockito.MockitoContextCustomizer@0, org.springframework.boot.test.web.client.TestRestTemplateContextCustomizer@704deff2], resourceBasePath = 'src/main/webapp', contextLoader = 'org.springframework.boot.test.context.SpringBootContextLoader', parent = [null]], attributes = map['org.springframework.test.context.web.ServletTestExecutionListener.activateListener' -> true, 'org.springframework.test.context.web.ServletTestExecutionListener.populatedRequestContextHolder' -> true, 'org.springframework.test.context.web.ServletTestExecutionListener.resetRequestContextHolder' -> true]]; transaction manager [org.springframework.orm.jpa.JpaTransactionManager@2c51c756]; rollback [true]
2022-01-26 12:10:35.470 DEBUG 18964 --- [    Test worker] org.hibernate.SQL                        : call next value for hibernate_sequence
2022-01-26 12:10:35.471  INFO 18964 --- [    Test worker] p6spy                                    : #1643166635471 | took 0ms | statement | connection 9| url jdbc:h2:mem:testdb
call next value for hibernate_sequence
call next value for hibernate_sequence;
2022-01-26 12:10:35.472 DEBUG 18964 --- [    Test worker] org.hibernate.SQL                        : call next value for hibernate_sequence
2022-01-26 12:10:35.472  INFO 18964 --- [    Test worker] p6spy                                    : #1643166635472 | took 0ms | statement | connection 9| url jdbc:h2:mem:testdb
call next value for hibernate_sequence
call next value for hibernate_sequence;
2022-01-26 12:10:35.483 DEBUG 18964 --- [    Test worker] org.hibernate.SQL                        : call next value for hibernate_sequence
2022-01-26 12:10:35.484  INFO 18964 --- [    Test worker] p6spy                                    : #1643166635484 | took 0ms | statement | connection 9| url jdbc:h2:mem:testdb
call next value for hibernate_sequence
call next value for hibernate_sequence;
2022-01-26 12:10:35.485 DEBUG 18964 --- [    Test worker] org.hibernate.SQL                        : call next value for hibernate_sequence
2022-01-26 12:10:35.485  INFO 18964 --- [    Test worker] p6spy                                    : #1643166635485 | took 0ms | statement | connection 9| url jdbc:h2:mem:testdb
call next value for hibernate_sequence
call next value for hibernate_sequence;
2022-01-26 12:10:35.488 DEBUG 18964 --- [    Test worker] org.hibernate.SQL                        : call next value for hibernate_sequence
2022-01-26 12:10:35.488  INFO 18964 --- [    Test worker] p6spy                                    : #1643166635488 | took 0ms | statement | connection 9| url jdbc:h2:mem:testdb
call next value for hibernate_sequence
call next value for hibernate_sequence;
2022-01-26 12:10:35.492  INFO 18964 --- [    Test worker] p6spy                                    : #1643166635492 | took 0ms | rollback | connection 9| url jdbc:h2:mem:testdb

;
2022-01-26 12:10:35.493  INFO 18964 --- [    Test worker] o.s.t.c.transaction.TransactionContext   : Rolled back transaction for test: [DefaultTestContext@304704ae testClass = OrderServiceTest, testInstance = com.jpabook.jpashop.service.OrderServiceTest@27422187, testMethod = 상품주문@OrderServiceTest, testException = [null], mergedContextConfiguration = [WebMergedContextConfiguration@533a27f8 testClass = OrderServiceTest, locations = '{}', classes = '{class com.jpabook.jpashop.JpashopApplication}', contextInitializerClasses = '[]', activeProfiles = '{}', propertySourceLocations = '{}', propertySourceProperties = '{org.springframework.boot.test.context.SpringBootTestContextBootstrapper=true}', contextCustomizers = set[org.springframework.boot.test.autoconfigure.properties.PropertyMappingContextCustomizer@0, org.springframework.boot.test.autoconfigure.web.servlet.WebDriverContextCustomizerFactory$Customizer@24c4ddae, org.springframework.boot.test.context.filter.ExcludeFilterContextCustomizer@766653e6, org.springframework.boot.test.json.DuplicateJsonObjectContextCustomizerFactory$DuplicateJsonObjectContextCustomizer@7fc4780b, org.springframework.boot.test.mock.mockito.MockitoContextCustomizer@0, org.springframework.boot.test.web.client.TestRestTemplateContextCustomizer@704deff2], resourceBasePath = 'src/main/webapp', contextLoader = 'org.springframework.boot.test.context.SpringBootContextLoader', parent = [null]], attributes = map['org.springframework.test.context.web.ServletTestExecutionListener.activateListener' -> true, 'org.springframework.test.context.web.ServletTestExecutionListener.populatedRequestContextHolder' -> true, 'org.springframework.test.context.web.ServletTestExecutionListener.resetRequestContextHolder' -> true]]
2022-01-26 12:10:35.498  INFO 18964 --- [    Test worker] o.s.t.c.transaction.TransactionContext   : Began transaction (1) for test context [DefaultTestContext@304704ae testClass = OrderServiceTest, testInstance = com.jpabook.jpashop.service.OrderServiceTest@208b8425, testMethod = 주문취소@OrderServiceTest, testException = [null], mergedContextConfiguration = [WebMergedContextConfiguration@533a27f8 testClass = OrderServiceTest, locations = '{}', classes = '{class com.jpabook.jpashop.JpashopApplication}', contextInitializerClasses = '[]', activeProfiles = '{}', propertySourceLocations = '{}', propertySourceProperties = '{org.springframework.boot.test.context.SpringBootTestContextBootstrapper=true}', contextCustomizers = set[org.springframework.boot.test.autoconfigure.properties.PropertyMappingContextCustomizer@0, org.springframework.boot.test.autoconfigure.web.servlet.WebDriverContextCustomizerFactory$Customizer@24c4ddae, org.springframework.boot.test.context.filter.ExcludeFilterContextCustomizer@766653e6, org.springframework.boot.test.json.DuplicateJsonObjectContextCustomizerFactory$DuplicateJsonObjectContextCustomizer@7fc4780b, org.springframework.boot.test.mock.mockito.MockitoContextCustomizer@0, org.springframework.boot.test.web.client.TestRestTemplateContextCustomizer@704deff2], resourceBasePath = 'src/main/webapp', contextLoader = 'org.springframework.boot.test.context.SpringBootContextLoader', parent = [null]], attributes = map['org.springframework.test.context.web.ServletTestExecutionListener.activateListener' -> true, 'org.springframework.test.context.web.ServletTestExecutionListener.populatedRequestContextHolder' -> true, 'org.springframework.test.context.web.ServletTestExecutionListener.resetRequestContextHolder' -> true]]; transaction manager [org.springframework.orm.jpa.JpaTransactionManager@2c51c756]; rollback [true]
2022-01-26 12:10:35.500 DEBUG 18964 --- [    Test worker] org.hibernate.SQL                        : call next value for hibernate_sequence
2022-01-26 12:10:35.501  INFO 18964 --- [    Test worker] p6spy                                    : #1643166635501 | took 0ms | statement | connection 10| url jdbc:h2:mem:testdb
call next value for hibernate_sequence
call next value for hibernate_sequence;
2022-01-26 12:10:35.501 DEBUG 18964 --- [    Test worker] org.hibernate.SQL                        : call next value for hibernate_sequence
2022-01-26 12:10:35.502  INFO 18964 --- [    Test worker] p6spy                                    : #1643166635502 | took 0ms | statement | connection 10| url jdbc:h2:mem:testdb
call next value for hibernate_sequence
call next value for hibernate_sequence;
2022-01-26 12:10:35.503 DEBUG 18964 --- [    Test worker] org.hibernate.SQL                        : call next value for hibernate_sequence
2022-01-26 12:10:35.503  INFO 18964 --- [    Test worker] p6spy                                    : #1643166635503 | took 0ms | statement | connection 10| url jdbc:h2:mem:testdb
call next value for hibernate_sequence
call next value for hibernate_sequence;
2022-01-26 12:10:35.504 DEBUG 18964 --- [    Test worker] org.hibernate.SQL                        : call next value for hibernate_sequence
2022-01-26 12:10:35.504  INFO 18964 --- [    Test worker] p6spy                                    : #1643166635504 | took 0ms | statement | connection 10| url jdbc:h2:mem:testdb
call next value for hibernate_sequence
call next value for hibernate_sequence;
2022-01-26 12:10:35.505 DEBUG 18964 --- [    Test worker] org.hibernate.SQL                        : call next value for hibernate_sequence
2022-01-26 12:10:35.506  INFO 18964 --- [    Test worker] p6spy                                    : #1643166635506 | took 0ms | statement | connection 10| url jdbc:h2:mem:testdb
call next value for hibernate_sequence
call next value for hibernate_sequence;
2022-01-26 12:10:35.508  INFO 18964 --- [    Test worker] p6spy                                    : #1643166635508 | took 0ms | rollback | connection 10| url jdbc:h2:mem:testdb

;
2022-01-26 12:10:35.509  INFO 18964 --- [    Test worker] o.s.t.c.transaction.TransactionContext   : Rolled back transaction for test: [DefaultTestContext@304704ae testClass = OrderServiceTest, testInstance = com.jpabook.jpashop.service.OrderServiceTest@208b8425, testMethod = 주문취소@OrderServiceTest, testException = [null], mergedContextConfiguration = [WebMergedContextConfiguration@533a27f8 testClass = OrderServiceTest, locations = '{}', classes = '{class com.jpabook.jpashop.JpashopApplication}', contextInitializerClasses = '[]', activeProfiles = '{}', propertySourceLocations = '{}', propertySourceProperties = '{org.springframework.boot.test.context.SpringBootTestContextBootstrapper=true}', contextCustomizers = set[org.springframework.boot.test.autoconfigure.properties.PropertyMappingContextCustomizer@0, org.springframework.boot.test.autoconfigure.web.servlet.WebDriverContextCustomizerFactory$Customizer@24c4ddae, org.springframework.boot.test.context.filter.ExcludeFilterContextCustomizer@766653e6, org.springframework.boot.test.json.DuplicateJsonObjectContextCustomizerFactory$DuplicateJsonObjectContextCustomizer@7fc4780b, org.springframework.boot.test.mock.mockito.MockitoContextCustomizer@0, org.springframework.boot.test.web.client.TestRestTemplateContextCustomizer@704deff2], resourceBasePath = 'src/main/webapp', contextLoader = 'org.springframework.boot.test.context.SpringBootContextLoader', parent = [null]], attributes = map['org.springframework.test.context.web.ServletTestExecutionListener.activateListener' -> true, 'org.springframework.test.context.web.ServletTestExecutionListener.populatedRequestContextHolder' -> true, 'org.springframework.test.context.web.ServletTestExecutionListener.resetRequestContextHolder' -> true]]
]]></system-out>
  <system-err><![CDATA[]]></system-err>
</testsuite>
